<?xml version="1.0" encoding="UTF-8"?>
<!-- Generated by org.testng.reporters.JUnitXMLReporter -->
<testsuite ignored="2" hostname="DESKTOP-9GS1S2K" failures="0" tests="2" name="Default test" time="4.032" errors="0" timestamp="2025-10-22T04:05:35 IST">
  <testcase classname="test.LoginTest" name="validateLogin" time="2.706"/>
  <testcase classname="test.EmptyCartCheckoutTest" name="emptyCartCheckout" time="1.281"/>
  <testcase classname="base.BasePage" name="@BeforeSuite setUpDriver" time="0.0">
    <ignored/>
  </testcase> <!-- @BeforeSuite setUpDriver -->
  <testcase classname="base.BasePage" name="@AfterSuite tearDownDriver" time="0.0">
    <ignored/>
  </testcase> <!-- @AfterSuite tearDownDriver -->
</testsuite> <!-- Default test -->
